<?xml version="1.0" encoding="UTF-8"?>
<testsuite name="com.measurement.QuantityTest" tests="1" skipped="0" failures="0" errors="0" timestamp="2020-04-24T11:40:57" hostname="SHREE" time="0.014">
  <properties/>
  <testcase name="given1FeetAnd1Inch_ShouldReturn" classname="com.measurement.QuantityTest" time="0.014"/>
  <system-out><![CDATA[]]></system-out>
  <system-err><![CDATA[]]></system-err>
</testsuite>
