<?xml version="1.0" encoding="UTF-8"?>
<testsuite name="com.measurement.QuantityTest" tests="1" skipped="0" failures="0" errors="0" timestamp="2020-04-24T10:43:56" hostname="SHREE" time="0.03">
  <properties/>
  <testcase name="givenOFeetAnd0Feet_ShouldReturnEqual" classname="com.measurement.QuantityTest" time="0.03"/>
  <system-out><![CDATA[]]></system-out>
  <system-err><![CDATA[]]></system-err>
</testsuite>
