<?xml version="1.0" encoding="UTF-8"?>
<testsuite name="com.measurement.QuantityTest" tests="1" skipped="0" failures="0" errors="0" timestamp="2020-04-27T20:31:12" hostname="SHREE" time="1.596">
  <properties/>
  <testcase name="givenVolume_InLiterAndMiliLitre_WhenEqual_ShouldReturnTrue" classname="com.measurement.QuantityTest" time="1.596"/>
  <system-out><![CDATA[]]></system-out>
  <system-err><![CDATA[]]></system-err>
</testsuite>
